<?xml version="1.0" encoding="UTF-8"?>
<!-- Generated by org.testng.reporters.JUnitReportReporter -->
<testsuite hostname="NESS-RTS-63" failures="0" tests="4" name="automationTests.SecureAreaPageTests" time="124.982" errors="0" timestamp="2021-04-23T04:20:02 IST" skipped="0">
  <testcase classname="automationTests.SecureAreaPageTests" name="verify_SecureAreaPageTest" time="26.510"/>
  <system-out/>
  <testcase classname="automationTests.SecureAreaPageTests" name="verify_DealerStatusQueuePage_Test" time="33.395"/>
  <system-out/>
  <testcase classname="automationTests.SecureAreaPageTests" name="verify_BatchManagerPage_Test" time="33.533"/>
  <system-out/>
  <testcase classname="automationTests.SecureAreaPageTests" name="verify_TransactionsPage_Test" time="31.544"/>
  <system-out/>
</testsuite> <!-- automationTests.SecureAreaPageTests -->
