<?xml version="1.0" encoding="UTF-8"?>
<!-- Generated by org.testng.reporters.JUnitReportReporter -->
<testsuite hostname="NESS-RTS-63" failures="0" tests="3" name="automationTests.ReportsPageTests" time="135.431" errors="0" timestamp="2021-04-23T18:08:44 IST" skipped="0">
  <testcase classname="automationTests.ReportsPageTests" name="openReportsFromUtilitiesMenuPage" time="31.466"/>
  <system-out/>
  <testcase classname="automationTests.ReportsPageTests" name="clickStandardTransactionExportReport" time="41.068"/>
  <system-out/>
  <testcase classname="automationTests.ReportsPageTests" name="filterStandardTransactionExportReport" time="62.897"/>
  <system-out/>
</testsuite> <!-- automationTests.ReportsPageTests -->
