<?xml version="1.0" encoding="UTF-8"?>
<!-- Generated by org.testng.reporters.JUnitReportReporter -->
<testsuite hostname="NESS-RTS-63" failures="0" tests="4" name="automationTests.Smoke_Sanity_Tests" time="125.144" errors="0" timestamp="2021-04-23T18:04:46 IST" skipped="0">
  <testcase classname="automationTests.Smoke_Sanity_Tests" name="verify_SecureAreaPageTest" time="26.307"/>
  <system-out/>
  <testcase classname="automationTests.Smoke_Sanity_Tests" name="verify_DealerStatusQueuePage_Test" time="32.796"/>
  <system-out/>
  <testcase classname="automationTests.Smoke_Sanity_Tests" name="verify_BatchManagerPage_Test" time="35.272"/>
  <system-out/>
  <testcase classname="automationTests.Smoke_Sanity_Tests" name="verify_TransactionsPage_Test" time="30.769"/>
  <system-out/>
</testsuite> <!-- automationTests.Smoke_Sanity_Tests -->
